#
# A fatal error has been detected by the Java Runtime Environment:
#
#  EXCEPTION_ACCESS_VIOLATION (0xc0000005) at pc=0x00007ffc20e0e0bb, pid=9900, tid=5348
#
# JRE version: OpenJDK Runtime Environment (11.0+28) (build 11+28)
# Java VM: OpenJDK 64-Bit Server VM (11+28, mixed mode, tiered, compressed oops, g1 gc, windows-amd64)
# Problematic frame:
# V  [jvm.dll+0x37e0bb]
#
# No core dump will be written. Minidumps are not enabled by default on client versions of Windows
#
# If you would like to submit a bug report, please visit:
#   http://bugreport.java.com/bugreport/crash.jsp
#

---------------  S U M M A R Y ------------

Command Line: C:\Users\LENOVO\AppData\Local\Temp\surefire9154409188056115551\surefirebooter12703023947817163067.jar C:\Users\LENOVO\AppData\Local\Temp\surefire9154409188056115551 2021-03-19T11-37-33_369-jvmRun1 surefire15510598349676435067tmp surefire_07298927540520504457tmp

Host: Intel(R) Core(TM) i3-2330M CPU @ 2.20GHz, 4 cores, 3G,  Windows 10 , 64 bit Build 19041 (10.0.19041.804)
Time: Fri Mar 19 11:37:37 2021 India Standard Time elapsed time: 2 seconds (0d 0h 0m 2s)

---------------  T H R E A D  ---------------

Current thread (0x0000017bf0e14800):  JavaThread "main" [_thread_in_vm, id=5348, stack(0x0000006bf0e00000,0x0000006bf0f00000)]

Stack: [0x0000006bf0e00000,0x0000006bf0f00000],  sp=0x0000006bf0ef89e0,  free space=994k
Native frames: (J=compiled Java code, j=interpreted, Vv=VM code, C=native code)
V  [jvm.dll+0x37e0bb]
V  [jvm.dll+0x535dac]
V  [jvm.dll+0x533d89]
V  [jvm.dll+0x5354f6]
V  [jvm.dll+0x38bb4b]
V  [jvm.dll+0x38b213]
C  0x0000017b8001d458

Java frames: (J=compiled Java code, j=interpreted, Vv=VM code)
j  java.security.Policy$UnsupportedEmptyCollection.<init>()V+19 java.base@11
j  java.security.Policy.<clinit>()V+4 java.base@11
v  ~StubRoutines::call_stub
j  java.security.AccessControlContext.getDebug()Lsun/security/util/Debug;+10 java.base@11
j  java.security.AccessControlContext.checkPermission(Ljava/security/Permission;)V+16 java.base@11
j  java.security.AccessController.checkPermission(Ljava/security/Permission;)V+161 java.base@11
j  ch.qos.logback.core.util.Loader$1.run()Ljava/lang/Boolean;+9
j  ch.qos.logback.core.util.Loader$1.run()Ljava/lang/Object;+1
v  ~StubRoutines::call_stub
J 938  java.security.AccessController.doPrivileged(Ljava/security/PrivilegedAction;)Ljava/lang/Object; java.base@11 (0 bytes) @ 0x0000017b87b12812 [0x0000017b87b127c0+0x0000000000000052]
j  ch.qos.logback.core.util.Loader.<clinit>()V+34
v  ~StubRoutines::call_stub
j  ch.qos.logback.classic.util.ContextInitializer.findURLOfDefaultConfigurationFile(Z)Ljava/net/URL;+1
j  ch.qos.logback.classic.util.ContextInitializer.autoConfig()V+9
j  org.slf4j.impl.StaticLoggerBinder.init()V+11
j  org.slf4j.impl.StaticLoggerBinder.<clinit>()V+28
v  ~StubRoutines::call_stub
j  org.slf4j.LoggerFactory.bind()V+16
j  org.slf4j.LoggerFactory.performInitialization()V+0
j  org.slf4j.LoggerFactory.getILoggerFactory()Lorg/slf4j/ILoggerFactory;+21
j  org.slf4j.LoggerFactory.getLogger(Ljava/lang/String;)Lorg/slf4j/Logger;+0
j  org.apache.commons.logging.LogAdapter$Slf4jAdapter.createLocationAwareLog(Ljava/lang/String;)Lorg/apache/commons/logging/Log;+1
j  org.apache.commons.logging.LogAdapter.createLog(Ljava/lang/String;)Lorg/apache/commons/logging/Log;+42
j  org.apache.commons.logging.LogFactory.getLog(Ljava/lang/String;)Lorg/apache/commons/logging/Log;+1
j  org.apache.commons.logging.LogFactory.getLog(Ljava/lang/Class;)Lorg/apache/commons/logging/Log;+4
j  org.springframework.test.context.TestContextManager.<clinit>()V+2
v  ~StubRoutines::call_stub
j  org.springframework.test.context.junit.jupiter.SpringExtension$$Lambda$281.apply(Ljava/lang/Object;)Ljava/lang/Object;+0
j  org.junit.jupiter.engine.execution.ExtensionValuesStore.lambda$getOrComputeIfAbsent$4(Ljava/util/function/Function;Ljava/lang/Object;)Ljava/lang/Object;+2
j  org.junit.jupiter.engine.execution.ExtensionValuesStore$$Lambda$282.get()Ljava/lang/Object;+8
j  org.junit.jupiter.engine.execution.ExtensionValuesStore$MemoizingSupplier.computeValue()V+24
j  org.junit.jupiter.engine.execution.ExtensionValuesStore$MemoizingSupplier.get()Ljava/lang/Object;+11
j  org.junit.jupiter.engine.execution.ExtensionValuesStore$StoredValue.evaluate()Ljava/lang/Object;+4
j  org.junit.jupiter.engine.execution.ExtensionValuesStore$StoredValue.access$100(Lorg/junit/jupiter/engine/execution/ExtensionValuesStore$StoredValue;)Ljava/lang/Object;+1
j  org.junit.jupiter.engine.execution.ExtensionValuesStore.getOrComputeIfAbsent(Lorg/junit/jupiter/api/extension/ExtensionContext$Namespace;Ljava/lang/Object;Ljava/util/function/Function;)Ljava/lang/Object;+77
j  org.junit.jupiter.engine.execution.ExtensionValuesStore.getOrComputeIfAbsent(Lorg/junit/jupiter/api/extension/ExtensionContext$Namespace;Ljava/lang/Object;Ljava/util/function/Function;Ljava/lang/Class;)Ljava/lang/Object;+4
j  org.junit.jupiter.engine.execution.NamespaceAwareStore.getOrComputeIfAbsent(Ljava/lang/Object;Ljava/util/function/Function;Ljava/lang/Class;)Ljava/lang/Object;+32
j  org.springframework.test.context.junit.jupiter.SpringExtension.getTestContextManager(Lorg/junit/jupiter/api/extension/ExtensionContext;)Lorg/springframework/test/context/TestContextManager;+27
j  org.springframework.test.context.junit.jupiter.SpringExtension.beforeAll(Lorg/junit/jupiter/api/extension/ExtensionContext;)V+1
j  org.junit.jupiter.engine.descriptor.ClassBasedTestDescriptor.lambda$invokeBeforeAllCallbacks$8(Lorg/junit/jupiter/api/extension/BeforeAllCallback;Lorg/junit/jupiter/api/extension/ExtensionContext;)V+2
j  org.junit.jupiter.engine.descriptor.ClassBasedTestDescriptor$$Lambda$276.execute()V+8
j  org.junit.platform.engine.support.hierarchical.ThrowableCollector.execute(Lorg/junit/platform/engine/support/hierarchical/ThrowableCollector$Executable;)V+1
j  org.junit.jupiter.engine.descriptor.ClassBasedTestDescriptor.invokeBeforeAllCallbacks(Lorg/junit/jupiter/engine/execution/JupiterEngineExecutionContext;)V+63
j  org.junit.jupiter.engine.descriptor.ClassBasedTestDescriptor.before(Lorg/junit/jupiter/engine/execution/JupiterEngineExecutionContext;)Lorg/junit/jupiter/engine/execution/JupiterEngineExecutionContext;+47
j  org.junit.jupiter.engine.descriptor.ClassBasedTestDescriptor.before(Lorg/junit/platform/engine/support/hierarchical/EngineExecutionContext;)Lorg/junit/platform/engine/support/hierarchical/EngineExecutionContext;+5
j  org.junit.platform.engine.support.hierarchical.NodeTestTask.lambda$executeRecursively$5()V+51
j  org.junit.platform.engine.support.hierarchical.NodeTestTask$$Lambda$227.execute()V+4
j  org.junit.platform.engine.support.hierarchical.ThrowableCollector.execute(Lorg/junit/platform/engine/support/hierarchical/ThrowableCollector$Executable;)V+1
j  org.junit.platform.engine.support.hierarchical.NodeTestTask.lambda$executeRecursively$7(Lorg/junit/platform/engine/support/hierarchical/EngineExecutionContext;)V+15
j  org.junit.platform.engine.support.hierarchical.NodeTestTask$$Lambda$226.invoke(Lorg/junit/platform/engine/support/hierarchical/EngineExecutionContext;)V+5
j  org.junit.platform.engine.support.hierarchical.Node.around(Lorg/junit/platform/engine/support/hierarchical/EngineExecutionContext;Lorg/junit/platform/engine/support/hierarchical/Node$Invocation;)V+2
j  org.junit.platform.engine.support.hierarchical.NodeTestTask.lambda$executeRecursively$8()V+14
j  org.junit.platform.engine.support.hierarchical.NodeTestTask$$Lambda$225.execute()V+4
j  org.junit.platform.engine.support.hierarchical.ThrowableCollector.execute(Lorg/junit/platform/engine/support/hierarchical/ThrowableCollector$Executable;)V+1
j  org.junit.platform.engine.support.hierarchical.NodeTestTask.executeRecursively()V+31
j  org.junit.platform.engine.support.hierarchical.NodeTestTask.execute()V+55
j  org.junit.platform.engine.support.hierarchical.SameThreadHierarchicalTestExecutorService$$Lambda$231.accept(Ljava/lang/Object;)V+4
j  java.util.ArrayList.forEach(Ljava/util/function/Consumer;)V+46 java.base@11
j  org.junit.platform.engine.support.hierarchical.SameThreadHierarchicalTestExecutorService.invokeAll(Ljava/util/List;)V+6
j  org.junit.platform.engine.support.hierarchical.NodeTestTask.lambda$executeRecursively$5()V+116
j  org.junit.platform.engine.support.hierarchical.NodeTestTask$$Lambda$227.execute()V+4
j  org.junit.platform.engine.support.hierarchical.ThrowableCollector.execute(Lorg/junit/platform/engine/support/hierarchical/ThrowableCollector$Executable;)V+1
j  org.junit.platform.engine.support.hierarchical.NodeTestTask.lambda$executeRecursively$7(Lorg/junit/platform/engine/support/hierarchical/EngineExecutionContext;)V+15
j  org.junit.platform.engine.support.hierarchical.NodeTestTask$$Lambda$226.invoke(Lorg/junit/platform/engine/support/hierarchical/EngineExecutionContext;)V+5
j  org.junit.platform.engine.support.hierarchical.Node.around(Lorg/junit/platform/engine/support/hierarchical/EngineExecutionContext;Lorg/junit/platform/engine/support/hierarchical/Node$Invocation;)V+2
j  org.junit.platform.engine.support.hierarchical.NodeTestTask.lambda$executeRecursively$8()V+14
j  org.junit.platform.engine.support.hierarchical.NodeTestTask$$Lambda$225.execute()V+4
j  org.junit.platform.engine.support.hierarchical.ThrowableCollector.execute(Lorg/junit/platform/engine/support/hierarchical/ThrowableCollector$Executable;)V+1
j  org.junit.platform.engine.support.hierarchical.NodeTestTask.executeRecursively()V+31
j  org.junit.platform.engine.support.hierarchical.NodeTestTask.execute()V+55
j  org.junit.platform.engine.support.hierarchical.SameThreadHierarchicalTestExecutorService.submit(Lorg/junit/platform/engine/support/hierarchical/HierarchicalTestExecutorService$TestTask;)Ljava/util/concurrent/Future;+1
j  org.junit.platform.engine.support.hierarchical.HierarchicalTestExecutor.execute()Ljava/util/concurrent/Future;+74
j  org.junit.platform.engine.support.hierarchical.HierarchicalTestEngine.execute(Lorg/junit/platform/engine/ExecutionRequest;)V+31
j  org.junit.platform.launcher.core.DefaultLauncher.execute(Lorg/junit/platform/engine/TestEngine;Lorg/junit/platform/engine/ExecutionRequest;)V+2
j  org.junit.platform.launcher.core.DefaultLauncher.lambda$execute$6(Lorg/junit/platform/launcher/core/Root;Lorg/junit/platform/engine/ConfigurationParameters;Lorg/junit/platform/launcher/TestExecutionListener;)V+85
j  org.junit.platform.launcher.core.DefaultLauncher$$Lambda$192.accept(Ljava/lang/Object;)V+16
j  org.junit.platform.launcher.core.DefaultLauncher.withInterceptedStreams(Lorg/junit/platform/engine/ConfigurationParameters;Lorg/junit/platform/launcher/core/TestExecutionListenerRegistry;Ljava/util/function/Consumer;)V+43
j  org.junit.platform.launcher.core.DefaultLauncher.execute(Lorg/junit/platform/launcher/core/Root;Lorg/junit/platform/engine/ConfigurationParameters;[Lorg/junit/platform/launcher/TestExecutionListener;)V+19
j  org.junit.platform.launcher.core.DefaultLauncher.execute(Lorg/junit/platform/launcher/LauncherDiscoveryRequest;[Lorg/junit/platform/launcher/TestExecutionListener;)V+36
j  org.apache.maven.surefire.junitplatform.JUnitPlatformProvider.invokeAllTests(Lorg/apache/maven/surefire/util/TestsToRun;Lorg/apache/maven/surefire/report/RunListener;)V+26
j  org.apache.maven.surefire.junitplatform.JUnitPlatformProvider.invoke(Ljava/lang/Object;)Lorg/apache/maven/surefire/suite/RunResult;+80
j  org.apache.maven.surefire.booter.ForkedBooter.invokeProviderInSameClassLoader(Lorg/apache/maven/surefire/booter/ForkingReporterFactory;)Lorg/apache/maven/surefire/suite/RunResult;+9
j  org.apache.maven.surefire.booter.ForkedBooter.runSuitesInProcess()Lorg/apache/maven/surefire/suite/RunResult;+7
j  org.apache.maven.surefire.booter.ForkedBooter.execute()V+1
j  org.apache.maven.surefire.booter.ForkedBooter.main([Ljava/lang/String;)V+35
v  ~StubRoutines::call_stub

siginfo: EXCEPTION_ACCESS_VIOLATION (0xc0000005), reading address 0x0000017afe558eb0


Register to memory mapping:

RIP=0x00007ffc20e0e0bb jvm.dll
RAX=0x0000000000000055 is an unknown value
RBX=0x0000017afe558bc8 is an unknown value
RCX=
[error occurred during error reporting (printing register info), id 0xc0000005, EXCEPTION_ACCESS_VIOLATION (0xc0000005) at pc=0x00007ffc20d83836]

Registers:
RAX=0x0000000000000055, RBX=0x0000017afe558bc8, RCX=0x00000000ffffffff, RDX=0x0000000000000006
RSP=0x0000006bf0ef89e0, RBP=0x0000000000000001, RSI=0x0000017bfe96cd68, RDI=0x0000017bfe5597e0
R8 =0x0000000000000008, R9 =0x0000017bfe96b028, R10=0x0000000000000005, R11=0x0000017bfe559758
R12=0x0000017bfe95c5f8, R13=0x0000017bfe559540, R14=0x0000000000000000, R15=0x0000000000000009
RIP=0x00007ffc20e0e0bb, EFLAGS=0x0000000000010207

Top of Stack: (sp=0x0000006bf0ef89e0)
0x0000006bf0ef89e0:   0000017bf0e14800 0000006bf0ef8be0
0x0000006bf0ef89f0:   0000017bfe95c5f8 000000010006b0c0
0x0000006bf0ef8a00:   0000017bfe96cd68 00007ffc20fc5dac
0x0000006bf0ef8a10:   000000010006b0c0 0000000000000000
0x0000006bf0ef8a20:   0000006bf0ef8b10 0000006bf0ef8d80
0x0000006bf0ef8a30:   0000017b00000000 00007ffc20de7e45
0x0000006bf0ef8a40:   0000017bffbed748 00007ffc20de7e45
0x0000006bf0ef8a50:   0000000000000000 0000017bf0e14800
0x0000006bf0ef8a60:   0000006bf0ef8e50 00007ffc20d6f0e5
0x0000006bf0ef8a70:   00000001001479b0 0000017bfe962ab8
0x0000006bf0ef8a80:   0000006bf0ef8e50 00007ffc20fc289a
0x0000006bf0ef8a90:   0000017bffbed490 00000001001479b0
0x0000006bf0ef8aa0:   00000001001479b0 0000017bf0e14800
0x0000006bf0ef8ab0:   0000017bfe962a01 00007ffc20e08900
0x0000006bf0ef8ac0:   0000017bf0e14800 00000001001479b0
0x0000006bf0ef8ad0:   0000017bfe962ab8 00007ffc215340a0 

Instructions: (pc=0x00007ffc20e0e0bb)
0x00007ffc20e0e09b:   00 00 00 00 00 43 8d 14 10 d1 fa 48 63 c2 49 8b
0x00007ffc20e0e0ab:   7c c5 08 4c 8b 5f 08 49 8b 5b 08 41 0f b7 43 2a
0x00007ffc20e0e0bb:   4c 8b 4c c3 40 4c 3b ce 73 05 83 c9 ff eb 0a 33
0x00007ffc20e0e0cb:   c9 4c 3b ce 0f 95 c1 74 56 85 c9 8d 42 ff 44 0f 



---------------  P R O C E S S  ---------------

Threads class SMR info:
_java_thread_list=0x0000017bff7a40a0, length=13, elements={
0x0000017bf0e14800, 0x0000017bfea8d800, 0x0000017bfea98800, 0x0000017bfeafb800,
0x0000017bfeafd000, 0x0000017bfeaa4000, 0x0000017bfeaa7800, 0x0000017bfeaad800,
0x0000017bfed89800, 0x0000017bfed90000, 0x0000017bfee33000, 0x0000017bff027000,
0x0000017bff2d9000
}

Java Threads: ( => current thread )
=>0x0000017bf0e14800 JavaThread "main" [_thread_in_vm, id=5348, stack(0x0000006bf0e00000,0x0000006bf0f00000)]
  0x0000017bfea8d800 JavaThread "Reference Handler" daemon [_thread_blocked, id=11000, stack(0x0000006bf1500000,0x0000006bf1600000)]
  0x0000017bfea98800 JavaThread "Finalizer" daemon [_thread_blocked, id=13264, stack(0x0000006bf1600000,0x0000006bf1700000)]
  0x0000017bfeafb800 JavaThread "Signal Dispatcher" daemon [_thread_blocked, id=9492, stack(0x0000006bf1700000,0x0000006bf1800000)]
  0x0000017bfeafd000 JavaThread "Attach Listener" daemon [_thread_blocked, id=3204, stack(0x0000006bf1800000,0x0000006bf1900000)]
  0x0000017bfeaa4000 JavaThread "C2 CompilerThread0" daemon [_thread_in_vm, id=3516, stack(0x0000006bf1900000,0x0000006bf1a00000)]
  0x0000017bfeaa7800 JavaThread "C1 CompilerThread0" daemon [_thread_blocked, id=12908, stack(0x0000006bf1a00000,0x0000006bf1b00000)]
  0x0000017bfeaad800 JavaThread "Sweeper thread" daemon [_thread_blocked, id=3916, stack(0x0000006bf1b00000,0x0000006bf1c00000)]
  0x0000017bfed89800 JavaThread "Service Thread" daemon [_thread_blocked, id=8900, stack(0x0000006bf1c00000,0x0000006bf1d00000)]
  0x0000017bfed90000 JavaThread "Common-Cleaner" daemon [_thread_blocked, id=13248, stack(0x0000006bf1e00000,0x0000006bf1f00000)]
  0x0000017bfee33000 JavaThread "surefire-forkedjvm-command-thread" daemon [_thread_in_native, id=6120, stack(0x0000006bf1f00000,0x0000006bf2000000)]
  0x0000017bff027000 JavaThread "surefire-forkedjvm-ping-30s" daemon [_thread_in_native, id=3908, stack(0x0000006bf2000000,0x0000006bf2100000)]
  0x0000017bff2d9000 JavaThread "C2 CompilerThread1" daemon [_thread_blocked, id=13300, stack(0x0000006bf2200000,0x0000006bf2300000)]

Other Threads:
  0x0000017bfea66800 VMThread "VM Thread" [stack: 0x0000006bf1400000,0x0000006bf1500000] [id=12788]
  0x0000017bfed8c800 WatcherThread [stack: 0x0000006bf1d00000,0x0000006bf1e00000] [id=7036]
  0x0000017bf0e2b800 GCTaskThread "GC Thread#0" [stack: 0x0000006bf0f00000,0x0000006bf1000000] [id=10012]
  0x0000017bff228800 GCTaskThread "GC Thread#1" [stack: 0x0000006bf2100000,0x0000006bf2200000] [id=4200]
  0x0000017bf0e4a800 ConcurrentGCThread "G1 Main Marker" [stack: 0x0000006bf1000000,0x0000006bf1100000] [id=9756]
  0x0000017bf0e4c000 ConcurrentGCThread "G1 Conc#0" [stack: 0x0000006bf1100000,0x0000006bf1200000] [id=11472]
  0x0000017bf0ea1800 ConcurrentGCThread "G1 Refine#0" [stack: 0x0000006bf1200000,0x0000006bf1300000] [id=1836]
  0x0000017bf0ea2800 ConcurrentGCThread "G1 Young RemSet Sampling" [stack: 0x0000006bf1300000,0x0000006bf1400000] [id=2884]

Threads with active compile tasks:

VM state:not at safepoint (normal execution)

VM Mutex/Monitor currently owned by a thread: None

Heap address: 0x00000000c0e00000, size: 1010 MB, Compressed Oops mode: 32-bit
Narrow klass base: 0x0000000000000000, Narrow klass shift: 3
Compressed class space size: 1073741824 Address: 0x0000000100000000

Heap:
 garbage-first heap   total 65536K, used 25580K [0x00000000c0e00000, 0x0000000100000000)
  region size 1024K, 20 young (20480K), 2 survivors (2048K)
 Metaspace       used 13513K, capacity 13961K, committed 14208K, reserved 1062912K
  class space    used 1387K, capacity 1564K, committed 1664K, reserved 1048576K
Heap Regions: E=young(eden), S=young(survivor), O=old, HS=humongous(starts), HC=humongous(continues), CS=collection set, F=free, A=archive, TAMS=top-at-mark-start (previous, next)
|   0|0x00000000c0e00000, 0x00000000c0f00000, 0x00000000c0f00000|100%| O|  |TAMS 0x00000000c0e00000, 0x00000000c0e00000| Untracked 
|   1|0x00000000c0f00000, 0x00000000c1000000, 0x00000000c1000000|100%| O|  |TAMS 0x00000000c0f00000, 0x00000000c0f00000| Untracked 
|   2|0x00000000c1000000, 0x00000000c1100000, 0x00000000c1100000|100%| O|  |TAMS 0x00000000c1000000, 0x00000000c1000000| Untracked 
|   3|0x00000000c1100000, 0x00000000c1200000, 0x00000000c1200000|100%| O|  |TAMS 0x00000000c1100000, 0x00000000c1100000| Untracked 
|   4|0x00000000c1200000, 0x00000000c1300000, 0x00000000c1300000|100%| O|  |TAMS 0x00000000c1200000, 0x00000000c1200000| Untracked 
|   5|0x00000000c1300000, 0x00000000c13fb200, 0x00000000c1400000| 98%| O|  |TAMS 0x00000000c1300000, 0x00000000c1300000| Untracked 
|   6|0x00000000c1400000, 0x00000000c1400000, 0x00000000c1500000|  0%| F|  |TAMS 0x00000000c1400000, 0x00000000c1400000| Untracked 
|   7|0x00000000c1500000, 0x00000000c1500000, 0x00000000c1600000|  0%| F|  |TAMS 0x00000000c1500000, 0x00000000c1500000| Untracked 
|   8|0x00000000c1600000, 0x00000000c1600000, 0x00000000c1700000|  0%| F|  |TAMS 0x00000000c1600000, 0x00000000c1600000| Untracked 
|   9|0x00000000c1700000, 0x00000000c1700000, 0x00000000c1800000|  0%| F|  |TAMS 0x00000000c1700000, 0x00000000c1700000| Untracked 
|  10|0x00000000c1800000, 0x00000000c1800000, 0x00000000c1900000|  0%| F|  |TAMS 0x00000000c1800000, 0x00000000c1800000| Untracked 
|  11|0x00000000c1900000, 0x00000000c1900000, 0x00000000c1a00000|  0%| F|  |TAMS 0x00000000c1900000, 0x00000000c1900000| Untracked 
|  12|0x00000000c1a00000, 0x00000000c1a00000, 0x00000000c1b00000|  0%| F|  |TAMS 0x00000000c1a00000, 0x00000000c1a00000| Untracked 
|  13|0x00000000c1b00000, 0x00000000c1b00000, 0x00000000c1c00000|  0%| F|  |TAMS 0x00000000c1b00000, 0x00000000c1b00000| Untracked 
|  14|0x00000000c1c00000, 0x00000000c1c00000, 0x00000000c1d00000|  0%| F|  |TAMS 0x00000000c1c00000, 0x00000000c1c00000| Untracked 
|  15|0x00000000c1d00000, 0x00000000c1d00000, 0x00000000c1e00000|  0%| F|  |TAMS 0x00000000c1d00000, 0x00000000c1d00000| Untracked 
|  16|0x00000000c1e00000, 0x00000000c1e00000, 0x00000000c1f00000|  0%| F|  |TAMS 0x00000000c1e00000, 0x00000000c1e00000| Untracked 
|  17|0x00000000c1f00000, 0x00000000c1f00000, 0x00000000c2000000|  0%| F|  |TAMS 0x00000000c1f00000, 0x00000000c1f00000| Untracked 
|  18|0x00000000c2000000, 0x00000000c2000000, 0x00000000c2100000|  0%| F|  |TAMS 0x00000000c2000000, 0x00000000c2000000| Untracked 
|  19|0x00000000c2100000, 0x00000000c2100000, 0x00000000c2200000|  0%| F|  |TAMS 0x00000000c2100000, 0x00000000c2100000| Untracked 
|  20|0x00000000c2200000, 0x00000000c2200000, 0x00000000c2300000|  0%| F|  |TAMS 0x00000000c2200000, 0x00000000c2200000| Untracked 
|  21|0x00000000c2300000, 0x00000000c2300000, 0x00000000c2400000|  0%| F|  |TAMS 0x00000000c2300000, 0x00000000c2300000| Untracked 
|  22|0x00000000c2400000, 0x00000000c2400000, 0x00000000c2500000|  0%| F|  |TAMS 0x00000000c2400000, 0x00000000c2400000| Untracked 
|  23|0x00000000c2500000, 0x00000000c2500000, 0x00000000c2600000|  0%| F|  |TAMS 0x00000000c2500000, 0x00000000c2500000| Untracked 
|  24|0x00000000c2600000, 0x00000000c2600000, 0x00000000c2700000|  0%| F|  |TAMS 0x00000000c2600000, 0x00000000c2600000| Untracked 
|  25|0x00000000c2700000, 0x00000000c2700000, 0x00000000c2800000|  0%| F|  |TAMS 0x00000000c2700000, 0x00000000c2700000| Untracked 
|  26|0x00000000c2800000, 0x00000000c2800000, 0x00000000c2900000|  0%| F|  |TAMS 0x00000000c2800000, 0x00000000c2800000| Untracked 
|  27|0x00000000c2900000, 0x00000000c2900000, 0x00000000c2a00000|  0%| F|  |TAMS 0x00000000c2900000, 0x00000000c2900000| Untracked 
|  28|0x00000000c2a00000, 0x00000000c2a00000, 0x00000000c2b00000|  0%| F|  |TAMS 0x00000000c2a00000, 0x00000000c2a00000| Untracked 
|  29|0x00000000c2b00000, 0x00000000c2b00000, 0x00000000c2c00000|  0%| F|  |TAMS 0x00000000c2b00000, 0x00000000c2b00000| Untracked 
|  30|0x00000000c2c00000, 0x00000000c2c00000, 0x00000000c2d00000|  0%| F|  |TAMS 0x00000000c2c00000, 0x00000000c2c00000| Untracked 
|  31|0x00000000c2d00000, 0x00000000c2d00000, 0x00000000c2e00000|  0%| F|  |TAMS 0x00000000c2d00000, 0x00000000c2d00000| Untracked 
|  32|0x00000000c2e00000, 0x00000000c2e00000, 0x00000000c2f00000|  0%| F|  |TAMS 0x00000000c2e00000, 0x00000000c2e00000| Untracked 
|  33|0x00000000c2f00000, 0x00000000c2f00000, 0x00000000c3000000|  0%| F|  |TAMS 0x00000000c2f00000, 0x00000000c2f00000| Untracked 
|  34|0x00000000c3000000, 0x00000000c3000000, 0x00000000c3100000|  0%| F|  |TAMS 0x00000000c3000000, 0x00000000c3000000| Untracked 
|  35|0x00000000c3100000, 0x00000000c3100000, 0x00000000c3200000|  0%| F|  |TAMS 0x00000000c3100000, 0x00000000c3100000| Untracked 
|  36|0x00000000c3200000, 0x00000000c3200000, 0x00000000c3300000|  0%| F|  |TAMS 0x00000000c3200000, 0x00000000c3200000| Untracked 
|  37|0x00000000c3300000, 0x00000000c3300000, 0x00000000c3400000|  0%| F|  |TAMS 0x00000000c3300000, 0x00000000c3300000| Untracked 
|  38|0x00000000c3400000, 0x00000000c3400000, 0x00000000c3500000|  0%| F|  |TAMS 0x00000000c3400000, 0x00000000c3400000| Untracked 
|  39|0x00000000c3500000, 0x00000000c3500000, 0x00000000c3600000|  0%| F|  |TAMS 0x00000000c3500000, 0x00000000c3500000| Untracked 
|  40|0x00000000c3600000, 0x00000000c3600000, 0x00000000c3700000|  0%| F|  |TAMS 0x00000000c3600000, 0x00000000c3600000| Untracked 
|  41|0x00000000c3700000, 0x00000000c3700000, 0x00000000c3800000|  0%| F|  |TAMS 0x00000000c3700000, 0x00000000c3700000| Untracked 
|  42|0x00000000c3800000, 0x00000000c3800000, 0x00000000c3900000|  0%| F|  |TAMS 0x00000000c3800000, 0x00000000c3800000| Untracked 
|  43|0x00000000c3900000, 0x00000000c3900000, 0x00000000c3a00000|  0%| F|  |TAMS 0x00000000c3900000, 0x00000000c3900000| Untracked 
|  44|0x00000000c3a00000, 0x00000000c3a25460, 0x00000000c3b00000| 14%| E|  |TAMS 0x00000000c3a00000, 0x00000000c3a00000| Complete 
|  45|0x00000000c3b00000, 0x00000000c3c00000, 0x00000000c3c00000|100%| E|CS|TAMS 0x00000000c3b00000, 0x00000000c3b00000| Complete 
|  46|0x00000000c3c00000, 0x00000000c3d00000, 0x00000000c3d00000|100%| E|CS|TAMS 0x00000000c3c00000, 0x00000000c3c00000| Complete 
|  47|0x00000000c3d00000, 0x00000000c3e00000, 0x00000000c3e00000|100%| E|CS|TAMS 0x00000000c3d00000, 0x00000000c3d00000| Complete 
|  48|0x00000000c3e00000, 0x00000000c3f00000, 0x00000000c3f00000|100%| E|CS|TAMS 0x00000000c3e00000, 0x00000000c3e00000| Complete 
|  49|0x00000000c3f00000, 0x00000000c4000000, 0x00000000c4000000|100%| E|CS|TAMS 0x00000000c3f00000, 0x00000000c3f00000| Complete 
|  50|0x00000000c4000000, 0x00000000c4100000, 0x00000000c4100000|100%| E|CS|TAMS 0x00000000c4000000, 0x00000000c4000000| Complete 
|  51|0x00000000c4100000, 0x00000000c4200000, 0x00000000c4200000|100%| E|CS|TAMS 0x00000000c4100000, 0x00000000c4100000| Complete 
|  52|0x00000000c4200000, 0x00000000c4300000, 0x00000000c4300000|100%| S|CS|TAMS 0x00000000c4200000, 0x00000000c4200000| Complete 
|  53|0x00000000c4300000, 0x00000000c4400000, 0x00000000c4400000|100%| S|CS|TAMS 0x00000000c4300000, 0x00000000c4300000| Complete 
|  54|0x00000000c4400000, 0x00000000c4500000, 0x00000000c4500000|100%| E|CS|TAMS 0x00000000c4400000, 0x00000000c4400000| Complete 
|  55|0x00000000c4500000, 0x00000000c4600000, 0x00000000c4600000|100%| E|CS|TAMS 0x00000000c4500000, 0x00000000c4500000| Complete 
|  56|0x00000000c4600000, 0x00000000c4700000, 0x00000000c4700000|100%| E|CS|TAMS 0x00000000c4600000, 0x00000000c4600000| Complete 
|  57|0x00000000c4700000, 0x00000000c4800000, 0x00000000c4800000|100%| E|CS|TAMS 0x00000000c4700000, 0x00000000c4700000| Complete 
|  58|0x00000000c4800000, 0x00000000c4900000, 0x00000000c4900000|100%| E|CS|TAMS 0x00000000c4800000, 0x00000000c4800000| Complete 
|  59|0x00000000c4900000, 0x00000000c4a00000, 0x00000000c4a00000|100%| E|CS|TAMS 0x00000000c4900000, 0x00000000c4900000| Complete 
|  60|0x00000000c4a00000, 0x00000000c4b00000, 0x00000000c4b00000|100%| E|CS|TAMS 0x00000000c4a00000, 0x00000000c4a00000| Complete 
|  61|0x00000000c4b00000, 0x00000000c4c00000, 0x00000000c4c00000|100%| E|CS|TAMS 0x00000000c4b00000, 0x00000000c4b00000| Complete 
|  62|0x00000000c4c00000, 0x00000000c4d00000, 0x00000000c4d00000|100%| E|CS|TAMS 0x00000000c4c00000, 0x00000000c4c00000| Complete 
|  63|0x00000000c4d00000, 0x00000000c4e00000, 0x00000000c4e00000|100%| E|CS|TAMS 0x00000000c4d00000, 0x00000000c4d00000| Complete 

Card table byte_map: [0x0000017bf9950000,0x0000017bf9b50000] _byte_map_base: 0x0000017bf9349000

Marking Bits (Prev, Next): (CMBitMap*) 0x0000017bf0e45bd8, (CMBitMap*) 0x0000017bf0e45c10
 Prev Bits: [0x0000017bf9d50000, 0x0000017bfad18000)
 Next Bits: [0x0000017bfad20000, 0x0000017bfbce8000)

Polling page: 0x0000017bf0d20000

Metaspace:

Usage:
  Non-class:     12.11 MB capacity,    11.84 MB ( 98%) used,   226.30 KB (  2%) free+waste,    44.31 KB ( <1%) overhead. 
      Class:      1.53 MB capacity,     1.35 MB ( 89%) used,   153.96 KB ( 10%) free+waste,    22.88 KB (  1%) overhead. 
       Both:     13.63 MB capacity,    13.20 MB ( 97%) used,   380.26 KB (  3%) free+waste,    67.19 KB ( <1%) overhead. 

Virtual space:
  Non-class space:       14.00 MB reserved,      12.25 MB ( 88%) committed 
      Class space:        1.00 GB reserved,       1.63 MB ( <1%) committed 
             Both:        1.01 GB reserved,      13.88 MB (  1%) committed 

Chunk freelists:
   Non-Class:  2.38 KB
       Class:  512 bytes
        Both:  2.88 KB

CodeHeap 'non-profiled nmethods': size=120064Kb used=458Kb max_used=458Kb free=119605Kb
 bounds [0x0000017b87ac0000, 0x0000017b87d30000, 0x0000017b8f000000]
CodeHeap 'profiled nmethods': size=120000Kb used=2301Kb max_used=2301Kb free=117698Kb
 bounds [0x0000017b80590000, 0x0000017b80800000, 0x0000017b87ac0000]
CodeHeap 'non-nmethods': size=5696Kb used=1085Kb max_used=1109Kb free=4611Kb
 bounds [0x0000017b80000000, 0x0000017b80270000, 0x0000017b80590000]
 total_blobs=1823 nmethods=1173 adapters=303
 compilation: enabled
              stopped_count=0, restarted_count=0
 full_count=0

Compilation events (10 events):
Event: 2.185 Thread 0x0000017bfeaa7800 1165       3       jdk.internal.jimage.ImageReader::requireOpen (18 bytes)
Event: 2.186 Thread 0x0000017bfeaa7800 nmethod 1165 0x0000017b807ca910 code [0x0000017b807caae0, 0x0000017b807cad50]
Event: 2.186 Thread 0x0000017bfeaa7800 1169       3       java.nio.MappedByteBuffer::limit (6 bytes)
Event: 2.186 Thread 0x0000017bfeaa7800 nmethod 1169 0x0000017b807cae10 code [0x0000017b807cafe0, 0x0000017b807cb250]
Event: 2.186 Thread 0x0000017bfeaa7800 1170       3       java.nio.MappedByteBuffer::position (6 bytes)
Event: 2.186 Thread 0x0000017bfeaa7800 nmethod 1170 0x0000017b807cb390 code [0x0000017b807cb560, 0x0000017b807cb7d0]
Event: 2.190 Thread 0x0000017bfeaa7800 1172   !   3       sun.nio.fs.WindowsPath::initOffsets (153 bytes)
Event: 2.196 Thread 0x0000017bfeaa7800 nmethod 1172 0x0000017b807cb910 code [0x0000017b807cbdc0, 0x0000017b807ce6f0]
Event: 2.206 Thread 0x0000017bfeaa4000 1173 %     4       jdk.internal.loader.URLClassPath::getResource @ 39 (74 bytes)
Event: 2.210 Thread 0x0000017bff2d9000 nmethod 1171 0x0000017b87b2d690 code [0x0000017b87b2d860, 0x0000017b87b2de78]

GC Heap History (4 events):
Event: 1.013 GC heap before
{Heap before GC invocations=0 (full 0):
 garbage-first heap   total 65536K, used 13312K [0x00000000c0e00000, 0x0000000100000000)
  region size 1024K, 14 young (14336K), 0 survivors (0K)
 Metaspace       used 9239K, capacity 9411K, committed 9728K, reserved 1058816K
  class space    used 832K, capacity 908K, committed 1024K, reserved 1048576K
}
Event: 1.024 GC heap after
{Heap after GC invocations=1 (full 0):
 garbage-first heap   total 65536K, used 4319K [0x00000000c0e00000, 0x0000000100000000)
  region size 1024K, 2 young (2048K), 2 survivors (2048K)
 Metaspace       used 9239K, capacity 9411K, committed 9728K, reserved 1058816K
  class space    used 832K, capacity 908K, committed 1024K, reserved 1048576K
}
Event: 1.504 GC heap before
{Heap before GC invocations=1 (full 0):
 garbage-first heap   total 65536K, used 13535K [0x00000000c0e00000, 0x0000000100000000)
  region size 1024K, 12 young (12288K), 2 survivors (2048K)
 Metaspace       used 10635K, capacity 10787K, committed 11136K, reserved 1058816K
  class space    used 993K, capacity 1051K, committed 1152K, reserved 1048576K
}
Event: 1.515 GC heap after
{Heap after GC invocations=2 (full 0):
 garbage-first heap   total 65536K, used 8172K [0x00000000c0e00000, 0x0000000100000000)
  region size 1024K, 2 young (2048K), 2 survivors (2048K)
 Metaspace       used 10635K, capacity 10787K, committed 11136K, reserved 1058816K
  class space    used 993K, capacity 1051K, committed 1152K, reserved 1048576K
}

Deoptimization events (4 events):
Event: 0.244 Thread 0x0000017bf0e14800 Uncommon trap: reason=unstable_if action=reinterpret pc=0x0000017b87ac4efc method=java.lang.String.hashCode()I @ 14 c2
Event: 0.760 Thread 0x0000017bf0e14800 Uncommon trap: reason=unstable_if action=reinterpret pc=0x0000017b87ad528c method=java.util.StringTokenizer.scanToken(I)I @ 42 c2
Event: 1.088 Thread 0x0000017bf0e14800 Uncommon trap: reason=unstable_if action=reinterpret pc=0x0000017b87ae5a98 method=java.util.jar.JarFile.match([B[B[B[B)I @ 52 c2
Event: 1.340 Thread 0x0000017bf0e14800 Uncommon trap: reason=unstable_if action=reinterpret pc=0x0000017b87ae2780 method=java.io.WinNTFileSystem.isSlash(C)Z @ 9 c2

Classes redefined (0 events):
No events

Internal exceptions (10 events):
Event: 1.887 Thread 0x0000017bf0e14800 Exception <a 'java/lang/IncompatibleClassChangeError'{0x00000000c46a83c0}: Found class java.lang.Object, but interface was expected> (0x00000000c46a83c0) thrown at [t:/workspace/open/src/hotspot/share/interpreter/linkResolver.cpp, line 856]
Event: 1.896 Thread 0x0000017bf0e14800 Exception <a 'java/lang/IncompatibleClassChangeError'{0x00000000c46f5008}: Found class java.lang.Object, but interface was expected> (0x00000000c46f5008) thrown at [t:/workspace/open/src/hotspot/share/interpreter/linkResolver.cpp, line 856]
Event: 1.905 Thread 0x0000017bf0e14800 Exception <a 'java/lang/NoSuchMethodError'{0x00000000c4523578}: java.lang.invoke.DirectMethodHandle$Holder.invokeSpecial(Ljava/lang/Object;Ljava/lang/Object;Ljava/lang/Object;Ljava/lang/Object;Ljava/lang/Object;)V> (0x00000000c4523578) thrown at [t:/works
Event: 1.909 Thread 0x0000017bf0e14800 Exception <a 'java/lang/NoSuchMethodError'{0x00000000c453d230}: java.lang.invoke.DirectMethodHandle$Holder.invokeStatic(Ljava/lang/Object;Ljava/lang/Object;Ljava/lang/Object;Ljava/lang/Object;)V> (0x00000000c453d230) thrown at [t:/workspace/open/src/hotsp
Event: 1.946 Thread 0x0000017bf0e14800 Exception <a 'java/lang/NoSuchMethodError'{0x00000000c45fb2a0}: java.lang.invoke.DirectMethodHandle$Holder.invokeInterface(Ljava/lang/Object;Ljava/lang/Object;Ljava/lang/Object;Ljava/lang/Object;)V> (0x00000000c45fb2a0) thrown at [t:/workspace/open/src/ho
Event: 1.947 Thread 0x0000017bf0e14800 Exception <a 'java/lang/IncompatibleClassChangeError'{0x00000000c45fe060}: Found class java.lang.Object, but interface was expected> (0x00000000c45fe060) thrown at [t:/workspace/open/src/hotspot/share/interpreter/linkResolver.cpp, line 856]
Event: 1.974 Thread 0x0000017bf0e14800 Exception <a 'java/lang/NoSuchMethodError'{0x00000000c44f6668}: java.lang.invoke.DirectMethodHandle$Holder.invokeStatic(Ljava/lang/Object;Ljava/lang/Object;Ljava/lang/Object;Ljava/lang/Object;Ljava/lang/Object;)I> (0x00000000c44f6668) thrown at [t:/worksp
Event: 2.007 Thread 0x0000017bf0e14800 Exception <a 'java/lang/NoSuchMethodError'{0x00000000c41d5c48}: java.lang.invoke.DirectMethodHandle$Holder.invokeSpecial(Ljava/lang/Object;Ljava/lang/Object;)V> (0x00000000c41d5c48) thrown at [t:/workspace/open/src/hotspot/share/interpreter/linkResolver.c
Event: 2.049 Thread 0x0000017bf0e14800 Exception <a 'java/lang/NoSuchMethodError'{0x00000000c3f48c48}: java.lang.invoke.DirectMethodHandle$Holder.invokeStaticInit(Ljava/lang/Object;Ljava/lang/Object;Ljava/lang/Object;)I> (0x00000000c3f48c48) thrown at [t:/workspace/open/src/hotspot/share/inter
Event: 2.064 Thread 0x0000017bf0e14800 Exception <a 'java/lang/NoSuchMethodError'{0x00000000c3f9a0f0}: java.lang.invoke.DirectMethodHandle$Holder.invokeStaticInit(Ljava/lang/Object;Ljava/lang/Object;)I> (0x00000000c3f9a0f0) thrown at [t:/workspace/open/src/hotspot/share/interpreter/linkResolve

Events (10 events):
Event: 2.241 loading class ch/qos/logback/core/util/DynamicClassLoadingException
Event: 2.241 loading class ch/qos/logback/core/util/DynamicClassLoadingException done
Event: 2.242 loading class ch/qos/logback/core/util/Loader
Event: 2.242 loading class ch/qos/logback/core/util/Loader done
Event: 2.245 loading class ch/qos/logback/core/util/Loader$1
Event: 2.245 loading class ch/qos/logback/core/util/Loader$1 done
Event: 2.247 loading class java/security/Policy
Event: 2.248 loading class java/security/Policy done
Event: 2.248 loading class java/security/Policy$UnsupportedEmptyCollection
Event: 2.248 loading class java/security/Policy$UnsupportedEmptyCollection done


Dynamic libraries:
0x00007ff7e0670000 - 0x00007ff7e06b5000 	C:\Program Files\Java\jdk-11\bin\java.exe
0x00007ffc6f7b0000 - 0x00007ffc6f9a5000 	C:\Windows\SYSTEM32\ntdll.dll
0x00007ffc6f600000 - 0x00007ffc6f6bd000 	C:\Windows\System32\KERNEL32.DLL
0x00007ffc6d2b0000 - 0x00007ffc6d579000 	C:\Windows\System32\KERNELBASE.dll
0x00007ffc6d9a0000 - 0x00007ffc6db40000 	C:\Windows\System32\USER32.dll
0x00007ffc6d140000 - 0x00007ffc6d162000 	C:\Windows\System32\win32u.dll
0x00007ffc6f0c0000 - 0x00007ffc6f0ea000 	C:\Windows\System32\GDI32.dll
0x00007ffc6d170000 - 0x00007ffc6d27b000 	C:\Windows\System32\gdi32full.dll
0x00007ffc6cef0000 - 0x00007ffc6cf8d000 	C:\Windows\System32\msvcp_win.dll
0x00007ffc6cf90000 - 0x00007ffc6d090000 	C:\Windows\System32\ucrtbase.dll
0x00007ffc6c1d0000 - 0x00007ffc6c46a000 	C:\Windows\WinSxS\amd64_microsoft.windows.common-controls_6595b64144ccf1df_6.0.19041.844_none_ca00b6081b84eb1d\COMCTL32.dll
0x00007ffc6eba0000 - 0x00007ffc6ec3e000 	C:\Windows\System32\msvcrt.dll
0x00007ffc6ee00000 - 0x00007ffc6ee30000 	C:\Windows\System32\IMM32.DLL
0x00007ffc577d0000 - 0x00007ffc577e6000 	C:\Program Files\Java\jdk-11\bin\vcruntime140.dll
0x00007ffc57720000 - 0x00007ffc577ca000 	C:\Program Files\Java\jdk-11\bin\msvcp140.dll
0x00007ffc20a90000 - 0x00007ffc215d1000 	C:\Program Files\Java\jdk-11\bin\server\jvm.dll
0x00007ffc6ef60000 - 0x00007ffc6f00c000 	C:\Windows\System32\ADVAPI32.dll
0x00007ffc6f010000 - 0x00007ffc6f0ac000 	C:\Windows\System32\sechost.dll
0x00007ffc6ee30000 - 0x00007ffc6ef5b000 	C:\Windows\System32\RPCRT4.dll
0x00007ffc6ed80000 - 0x00007ffc6ed88000 	C:\Windows\System32\PSAPI.DLL
0x00007ffc5bec0000 - 0x00007ffc5bee7000 	C:\Windows\SYSTEM32\WINMM.dll
0x00007ffc54280000 - 0x00007ffc54289000 	C:\Windows\SYSTEM32\WSOCK32.dll
0x00007ffc6ed90000 - 0x00007ffc6edfb000 	C:\Windows\System32\WS2_32.dll
0x00007ffc5d9d0000 - 0x00007ffc5d9da000 	C:\Windows\SYSTEM32\VERSION.dll
0x00007ffc6a7c0000 - 0x00007ffc6a7d2000 	C:\Windows\SYSTEM32\kernel.appcore.dll
0x00007ffc57700000 - 0x00007ffc57711000 	C:\Program Files\Java\jdk-11\bin\verify.dll
0x00007ffc6c760000 - 0x00007ffc6c944000 	C:\Windows\SYSTEM32\DBGHELP.DLL
0x00007ffc6c580000 - 0x00007ffc6c5ac000 	C:\Windows\SYSTEM32\dbgcore.DLL
0x00007ffc6d580000 - 0x00007ffc6d600000 	C:\Windows\System32\bcryptPrimitives.dll
0x00007ffc576d0000 - 0x00007ffc576f8000 	C:\Program Files\Java\jdk-11\bin\java.dll
0x00007ffc576b0000 - 0x00007ffc576c6000 	C:\Program Files\Java\jdk-11\bin\zip.dll
0x00007ffc576a0000 - 0x00007ffc576aa000 	C:\Program Files\Java\jdk-11\bin\jimage.dll
0x00007ffc6dd60000 - 0x00007ffc6e4a2000 	C:\Windows\System32\SHELL32.dll
0x00007ffc6a9c0000 - 0x00007ffc6b150000 	C:\Windows\SYSTEM32\windows.storage.dll
0x00007ffc6f0f0000 - 0x00007ffc6f445000 	C:\Windows\System32\combase.dll
0x00007ffc6c160000 - 0x00007ffc6c18c000 	C:\Windows\SYSTEM32\Wldp.dll
0x00007ffc6db40000 - 0x00007ffc6dbee000 	C:\Windows\System32\SHCORE.dll
0x00007ffc6eae0000 - 0x00007ffc6eb35000 	C:\Windows\System32\shlwapi.dll
0x00007ffc6ce30000 - 0x00007ffc6ce4f000 	C:\Windows\SYSTEM32\profapi.dll
0x00007ffc574a0000 - 0x00007ffc574b9000 	C:\Program Files\Java\jdk-11\bin\net.dll
0x00007ffc62220000 - 0x00007ffc6232c000 	C:\Windows\SYSTEM32\WINHTTP.dll
0x00007ffc6bf20000 - 0x00007ffc6bf8a000 	C:\Windows\system32\mswsock.dll
0x00007ffc57480000 - 0x00007ffc57493000 	C:\Program Files\Java\jdk-11\bin\nio.dll
0x00007ffc57470000 - 0x00007ffc57479000 	C:\Program Files\Java\jdk-11\bin\management.dll
0x00007ffc57460000 - 0x00007ffc5746c000 	C:\Program Files\Java\jdk-11\bin\management_ext.dll

dbghelp: loaded successfully - version: 4.0.5 - missing functions: none
symbol engine: initialized successfully - sym options: 0x614 - pdb path: .;C:\Program Files\Java\jdk-11\bin;C:\Windows\SYSTEM32;C:\Windows\WinSxS\amd64_microsoft.windows.common-controls_6595b64144ccf1df_6.0.19041.844_none_ca00b6081b84eb1d;C:\Program Files\Java\jdk-11\bin\server

VM Arguments:
java_command: C:\Users\LENOVO\AppData\Local\Temp\surefire9154409188056115551\surefirebooter12703023947817163067.jar C:\Users\LENOVO\AppData\Local\Temp\surefire9154409188056115551 2021-03-19T11-37-33_369-jvmRun1 surefire15510598349676435067tmp surefire_07298927540520504457tmp
java_class_path (initial): C:\Users\LENOVO\AppData\Local\Temp\surefire9154409188056115551\surefirebooter12703023947817163067.jar
Launcher Type: SUN_STANDARD

[Global flags]
     intx CICompilerCount                          = 3                                         {product} {ergonomic}
     uint ConcGCThreads                            = 1                                         {product} {ergonomic}
     uint G1ConcRefinementThreads                  = 4                                         {product} {ergonomic}
   size_t G1HeapRegionSize                         = 1048576                                   {product} {ergonomic}
    uintx GCDrainStackTargetSize                   = 64                                        {product} {ergonomic}
   size_t InitialHeapSize                          = 67108864                                  {product} {ergonomic}
   size_t MarkStackSize                            = 4194304                                   {product} {ergonomic}
   size_t MaxHeapSize                              = 1059061760                                {product} {ergonomic}
   size_t MaxNewSize                               = 635437056                                 {product} {ergonomic}
   size_t MinHeapDeltaBytes                        = 1048576                                   {product} {ergonomic}
    uintx NonNMethodCodeHeapSize                   = 5830092                                {pd product} {ergonomic}
    uintx NonProfiledCodeHeapSize                  = 122914074                              {pd product} {ergonomic}
    uintx ProfiledCodeHeapSize                     = 122914074                              {pd product} {ergonomic}
    uintx ReservedCodeCacheSize                    = 251658240                              {pd product} {ergonomic}
     bool SegmentedCodeCache                       = true                                      {product} {ergonomic}
     bool UseCompressedClassPointers               = true                                 {lp64_product} {ergonomic}
     bool UseCompressedOops                        = true                                 {lp64_product} {ergonomic}
     bool UseG1GC                                  = true                                      {product} {ergonomic}
     bool UseLargePagesIndividualAllocation        = false                                  {pd product} {ergonomic}

Logging:
Log output configuration:
 #0: stdout all=warning uptime,level,tags
 #1: stderr all=off uptime,level,tags

Environment Variables:
JAVA_HOME=C:/Program Files/Java/jdk-11
PATH=C:\Users\LENOVO\bin;C:\Program Files\Git\mingw64\bin;C:\Program Files\Git\usr\local\bin;C:\Program Files\Git\usr\bin;C:\Program Files\Git\usr\bin;C:\Program Files\Git\mingw64\bin;C:\Program Files\Git\usr\bin;C:\Users\LENOVO\bin;C:\Program Files (x86)\Common Files\Intel\Shared Libraries\redist\intel64_win\compiler;C:\Windows\system32;C:\Windows;C:\Windows\System32\Wbem;C:\Windows\System32\WindowsPowerShell\v1.0;C:\Windows\System32\OpenSSH;C:\Program Files\Java\jdk-11\bin;C:\Program Files\Git\cmd;C:\Program Files (x86)\Common Files\Oracle\Java\javapath;C:\Android;C:\Windows\System32;C:\Program Files\Docker\Docker\resources\bin;C:\ProgramData\DockerDesktop\version-bin;C:\Program Files (x86)\Common Files\Intel\Shared Libraries\redist\intel64_win\compiler;C:\Users\LENOVO\AppData\Local\Microsoft\WindowsApps;C:\Program Files\JetBrains\IntelliJ IDEA Community Edition 2020.2.3\bin;C:\Users\LENOVO\Downloads\apache-maven-3.6.3-bin\apache-maven-3.6.3\bin;C:\Program Files\Git\usr\bin\vendor_perl;C:\Program Files\Git\usr\bin\core_perl
USERNAME=LENOVO
SHELL=C:\Program Files\Git\usr\bin\bash.exe
DISPLAY=needs-to-be-defined
OS=Windows_NT
PROCESSOR_IDENTIFIER=Intel64 Family 6 Model 42 Stepping 7, GenuineIntel



---------------  S Y S T E M  ---------------

OS: Windows 10 , 64 bit Build 19041 (10.0.19041.804)

CPU:total 4 (initial active 4) (2 cores per cpu, 2 threads per core) family 6 model 42 stepping 7, cmov, cx8, fxsr, mmx, sse, sse2, sse3, ssse3, sse4.1, sse4.2, popcnt, avx, clmul, ht, tsc, tscinvbit

Memory: 4k page, system-wide physical 4039M (335M free)
TotalPageFile size 11325M (AvailPageFile size 1726M)
current process WorkingSet (physical memory assigned to process): 84M, peak: 86M
current process commit charge ("private bytes"): 158M, peak: 161M

vm_info: OpenJDK 64-Bit Server VM (11+28) for windows-amd64 JRE (11+28), built on Aug 23 2018 03:04:58 by "mach5one" with MS VC++ 15.5 (VS2017)

END.
